INFO: 05/05/2021 01:00:56 Started polling.
DEBUG: 05/05/2021 01:00:56 Received task
DEBUG: 05/05/2021 01:00:56 Request: method=get url=https://api.telegram.org/bot1727697640:{TOKEN}/getUpdates params={'offset': 1, 'connect-timeout': 20, 'long_polling_timeout': 20} files=None
DEBUG: 05/05/2021 01:01:17 The server returned: 'b'{"ok":true,"result":[]}''
DEBUG: 05/05/2021 01:01:17 Received 0 new updates
DEBUG: 05/05/2021 01:01:17 Task complete
INFO: 05/05/2021 01:01:17 KeyboardInterrupt received.
INFO: 05/05/2021 01:01:17 Stopped polling.
INFO: 05/05/2021 01:02:46 Started polling.
DEBUG: 05/05/2021 01:02:46 Received task
DEBUG: 05/05/2021 01:02:46 Request: method=get url=https://api.telegram.org/bot1727697640:{TOKEN}/getUpdates params={'offset': 1, 'connect-timeout': 20, 'long_polling_timeout': 20} files=None
DEBUG: 05/05/2021 01:02:56 The server returned: 'b'{"ok":true,"result":[{"update_id":873685590,\n"message":{"message_id":118,"from":{"id":1190069449,"is_bot":false,"first_name":"Joshua","last_name":"Inyang","username":"Bouncei","language_code":"en"},"chat":{"id":1190069449,"first_name":"Joshua","last_name":"Inyang","username":"Bouncei","type":"private"},"date":1620216175,"text":"/start","entities":[{"offset":0,"length":6,"type":"bot_command"}]}}]}''
DEBUG: 05/05/2021 01:02:57 Received 1 new updates
DEBUG: 05/05/2021 01:02:57 Task complete
DEBUG: 05/05/2021 01:02:57 Received task
DEBUG: 05/05/2021 01:02:57 Received task
DEBUG: 05/05/2021 01:02:57 Request: method=post url=https://api.telegram.org/bot1727697640:{TOKEN}/sendMessage params={'chat_id': '1190069449', 'text': 'Hey, welcome Bouncei.', 'reply_to_message_id': 118} files=None
DEBUG: 05/05/2021 01:02:57 Request: method=get url=https://api.telegram.org/bot1727697640:{TOKEN}/getUpdates params={'offset': 873685591, 'connect-timeout': 20, 'long_polling_timeout': 20} files=None
DEBUG: 05/05/2021 01:02:57 The server returned: 'b'{"ok":true,"result":{"message_id":119,"from":{"id":1727697640,"is_bot":true,"first_name":"davewaweru","username":"davewabot"},"chat":{"id":1190069449,"first_name":"Joshua","last_name":"Inyang","username":"Bouncei","type":"private"},"date":1620216176,"reply_to_message":{"message_id":118,"from":{"id":1190069449,"is_bot":false,"first_name":"Joshua","last_name":"Inyang","username":"Bouncei","language_code":"en"},"chat":{"id":1190069449,"first_name":"Joshua","last_name":"Inyang","username":"Bouncei","type":"private"},"date":1620216175,"text":"/start","entities":[{"offset":0,"length":6,"type":"bot_command"}]},"text":"Hey, welcome Bouncei."}}''
DEBUG: 05/05/2021 01:02:57 Task complete
DEBUG: 05/05/2021 01:02:59 The server returned: 'b'{"ok":true,"result":[{"update_id":873685591,\n"message":{"message_id":120,"from":{"id":1190069449,"is_bot":false,"first_name":"Joshua","last_name":"Inyang","username":"Bouncei","language_code":"en"},"chat":{"id":1190069449,"first_name":"Joshua","last_name":"Inyang","username":"Bouncei","type":"private"},"date":1620216178,"text":"/contentmessage","entities":[{"offset":0,"length":15,"type":"bot_command"}]}}]}''
DEBUG: 05/05/2021 01:02:59 Received 1 new updates
DEBUG: 05/05/2021 01:02:59 Task complete
DEBUG: 05/05/2021 01:02:59 Received task
DEBUG: 05/05/2021 01:02:59 Received task
DEBUG: 05/05/2021 01:02:59 Request: method=post url=https://api.telegram.org/bot1727697640:{TOKEN}/sendMessage params={'chat_id': '1190069449', 'text': 'Hello Dave', 'reply_to_message_id': 120} files=None
DEBUG: 05/05/2021 01:02:59 Request: method=get url=https://api.telegram.org/bot1727697640:{TOKEN}/getUpdates params={'offset': 873685592, 'connect-timeout': 20, 'long_polling_timeout': 20} files=None
DEBUG: 05/05/2021 01:03:00 The server returned: 'b'{"ok":true,"result":{"message_id":121,"from":{"id":1727697640,"is_bot":true,"first_name":"davewaweru","username":"davewabot"},"chat":{"id":1190069449,"first_name":"Joshua","last_name":"Inyang","username":"Bouncei","type":"private"},"date":1620216179,"reply_to_message":{"message_id":120,"from":{"id":1190069449,"is_bot":false,"first_name":"Joshua","last_name":"Inyang","username":"Bouncei","language_code":"en"},"chat":{"id":1190069449,"first_name":"Joshua","last_name":"Inyang","username":"Bouncei","type":"private"},"date":1620216178,"text":"/contentmessage","entities":[{"offset":0,"length":15,"type":"bot_command"}]},"text":"Hello Dave"}}''
DEBUG: 05/05/2021 01:03:00 Request: method=post url=https://api.telegram.org/bot1727697640:{TOKEN}/sendMessage params={'chat_id': '1190069449', 'text': 'What would you like to send today?'} files=None
DEBUG: 05/05/2021 01:03:00 The server returned: 'b'{"ok":true,"result":{"message_id":122,"from":{"id":1727697640,"is_bot":true,"first_name":"davewaweru","username":"davewabot"},"chat":{"id":1190069449,"first_name":"Joshua","last_name":"Inyang","username":"Bouncei","type":"private"},"date":1620216179,"text":"What would you like to send today?"}}''
DEBUG: 05/05/2021 01:03:00 Task complete
DEBUG: 05/05/2021 01:03:05 The server returned: 'b'{"ok":true,"result":[{"update_id":873685592,\n"message":{"message_id":123,"from":{"id":1190069449,"is_bot":false,"first_name":"Joshua","last_name":"Inyang","username":"Bouncei","language_code":"en"},"chat":{"id":1190069449,"first_name":"Joshua","last_name":"Inyang","username":"Bouncei","type":"private"},"date":1620216184,"text":"yes\\\\"}}]}''
DEBUG: 05/05/2021 01:03:05 Received 1 new updates
DEBUG: 05/05/2021 01:03:05 Task complete
DEBUG: 05/05/2021 01:03:05 Received task
DEBUG: 05/05/2021 01:03:05 Received task
DEBUG: 05/05/2021 01:03:05 Request: method=post url=https://api.telegram.org/bot1727697640:{TOKEN}/sendMessage params={'chat_id': '1190069449', 'text': "Do you wish to send 'yes\\' to all stored users in database?", 'reply_markup': '{"inline_keyboard": [[{"text": "Yes", "callback_data": "yes"}, {"text": "No", "callback_data": "no"}]]}'} files=None
DEBUG: 05/05/2021 01:03:05 Request: method=get url=https://api.telegram.org/bot1727697640:{TOKEN}/getUpdates params={'offset': 873685593, 'connect-timeout': 20, 'long_polling_timeout': 20} files=None
DEBUG: 05/05/2021 01:03:05 The server returned: 'b'{"ok":true,"result":{"message_id":124,"from":{"id":1727697640,"is_bot":true,"first_name":"davewaweru","username":"davewabot"},"chat":{"id":1190069449,"first_name":"Joshua","last_name":"Inyang","username":"Bouncei","type":"private"},"date":1620216184,"text":"Do you wish to send \'yes\\\\\' to all stored users in database?","reply_markup":{"inline_keyboard":[[{"text":"Yes","callback_data":"yes"},{"text":"No","callback_data":"no"}]]}}}''
DEBUG: 05/05/2021 01:03:05 Task complete
DEBUG: 05/05/2021 01:03:09 The server returned: 'b'{"ok":true,"result":[{"update_id":873685593,\n"callback_query":{"id":"5111309366133109742","from":{"id":1190069449,"is_bot":false,"first_name":"Joshua","last_name":"Inyang","username":"Bouncei","language_code":"en"},"message":{"message_id":124,"from":{"id":1727697640,"is_bot":true,"first_name":"davewaweru","username":"davewabot"},"chat":{"id":1190069449,"first_name":"Joshua","last_name":"Inyang","username":"Bouncei","type":"private"},"date":1620216184,"text":"Do you wish to send \'yes\\\\\' to all stored users in database?","reply_markup":{"inline_keyboard":[[{"text":"Yes","callback_data":"yes"},{"text":"No","callback_data":"no"}]]}},"chat_instance":"8170471369048253796","data":"no"}}]}''
DEBUG: 05/05/2021 01:03:09 Received 1 new updates
DEBUG: 05/05/2021 01:03:09 Task complete
DEBUG: 05/05/2021 01:03:09 Received task
DEBUG: 05/05/2021 01:03:09 Request: method=get url=https://api.telegram.org/bot1727697640:{TOKEN}/getUpdates params={'offset': 873685594, 'connect-timeout': 20, 'long_polling_timeout': 20} files=None
INFO: 05/05/2021 01:03:18 KeyboardInterrupt received.
INFO: 05/05/2021 01:03:18 Stopped polling.
DEBUG: 05/05/2021 01:03:29 The server returned: 'b'{"ok":true,"result":[]}''
DEBUG: 05/05/2021 01:03:29 Received 0 new updates
DEBUG: 05/05/2021 01:03:29 Task complete
ERROR: 05/09/2021 09:41:51 A request to the Telegram API was unsuccessful. Error code: 400. Description: Bad Request: chat not found
ERROR: 05/09/2021 09:43:18 A request to the Telegram API was unsuccessful. Error code: 400. Description: Bad Request: chat not found
ERROR: 05/09/2021 12:28:07 A request to the Telegram API was unsuccessful. Error code: 400. Description: Bad Request: chat not found
ERROR: 05/09/2021 12:45:18 A request to the Telegram API was unsuccessful. Error code: 400. Description: Bad Request: chat not found
ERROR: 05/09/2021 01:01:35 A request to the Telegram API was unsuccessful. Error code: 400. Description: Bad Request: chat not found
ERROR: 05/09/2021 01:02:27 A request to the Telegram API was unsuccessful. Error code: 400. Description: Bad Request: chat not found
ERROR: 05/09/2021 01:11:15 A request to the Telegram API was unsuccessful. Error code: 400. Description: Bad Request: chat not found
ERROR: 05/09/2021 01:12:17 A request to the Telegram API was unsuccessful. Error code: 400. Description: Bad Request: message text is empty
ERROR: 05/09/2021 01:17:33 A request to the Telegram API was unsuccessful. Error code: 400. Description: Bad Request: chat not found
ERROR: 05/09/2021 01:21:06 A request to the Telegram API was unsuccessful. Error code: 400. Description: Bad Request: chat not found
ERROR: 05/09/2021 03:03:28 A request to the Telegram API was unsuccessful. Error code: 400. Description: Bad Request: message text is empty
ERROR: 05/09/2021 03:03:35 A request to the Telegram API was unsuccessful. Error code: 400. Description: Bad Request: message text is empty
ERROR: 05/09/2021 03:29:29 A request to the Telegram API was unsuccessful. Error code: 400. Description: Bad Request: chat not found
ERROR: 05/09/2021 05:08:32 A request to the Telegram API was unsuccessful. Error code: 400. Description: Bad Request: message text is empty
ERROR: 05/09/2021 05:08:47 A request to the Telegram API was unsuccessful. Error code: 400. Description: Bad Request: message text is empty
ERROR: 05/09/2021 05:10:29 A request to the Telegram API was unsuccessful. Error code: 400. Description: Bad Request: message text is empty
ERROR: 05/09/2021 05:25:06 A request to the Telegram API was unsuccessful. Error code: 400. Description: Bad Request: strings must be encoded in UTF-8
ERROR: 05/09/2021 05:28:28 A request to the Telegram API was unsuccessful. Error code: 400. Description: Bad Request: strings must be encoded in UTF-8
ERROR: 05/09/2021 05:35:32 A request to the Telegram API was unsuccessful. Error code: 400. Description: Bad Request: strings must be encoded in UTF-8
ERROR: 05/09/2021 05:40:07 A request to the Telegram API was unsuccessful. Error code: 400. Description: Bad Request: failed to get HTTP URL content
ERROR: 05/11/2021 12:34:32 A request to the Telegram API was unsuccessful. Error code: 400. Description: Bad Request: message text is empty
ERROR: 05/11/2021 12:38:06 A request to the Telegram API was unsuccessful. Error code: 400. Description: Bad Request: message text is empty
ERROR: 05/11/2021 12:39:15 A request to the Telegram API was unsuccessful. Error code: 400. Description: Bad Request: message text is empty
ERROR: 05/11/2021 12:53:27 A request to the Telegram API was unsuccessful. Error code: 400. Description: Bad Request: message text is empty
ERROR: 05/11/2021 12:56:35 A request to the Telegram API was unsuccessful. Error code: 400. Description: Bad Request: message text is empty
ERROR: 05/11/2021 02:04:56 A request to the Telegram API was unsuccessful. Error code: 400. Description: Bad Request: there is no document in the request
ERROR: 05/11/2021 03:20:25 A request to the Telegram API was unsuccessful. Error code: 400. Description: Bad Request: wrong URL host
ERROR: 05/11/2021 03:21:50 A request to the Telegram API was unsuccessful. Error code: 400. Description: Bad Request: wrong URL host
ERROR: 05/11/2021 03:27:55 A request to the Telegram API was unsuccessful. Error code: 400. Description: Bad Request: there is no document in the request
ERROR: 05/11/2021 03:29:18 A request to the Telegram API was unsuccessful. Error code: 400. Description: Bad Request: there is no document in the request
ERROR: 05/11/2021 03:30:27 A request to the Telegram API was unsuccessful. Error code: 400. Description: Bad Request: there is no document in the request
ERROR: 05/11/2021 03:32:39 A request to the Telegram API was unsuccessful. Error code: 400. Description: Bad Request: file must be non-empty
ERROR: 05/12/2021 10:00:06 A request to the Telegram API was unsuccessful. Error code: 400. Description: Bad Request: there is no document in the request
ERROR: 05/12/2021 10:02:03 A request to the Telegram API was unsuccessful. Error code: 400. Description: Bad Request: there is no document in the request
ERROR: 05/12/2021 10:06:12 A request to the Telegram API was unsuccessful. Error code: 400. Description: Bad Request: file must be non-empty
ERROR: 05/12/2021 10:06:37 A request to the Telegram API was unsuccessful. Error code: 400. Description: Bad Request: file must be non-empty
ERROR: 05/12/2021 10:13:17 A request to the Telegram API was unsuccessful. Error code: 400. Description: Bad Request: file must be non-empty
ERROR: 05/12/2021 10:14:25 A request to the Telegram API was unsuccessful. Error code: 400. Description: Bad Request: there is no photo in the request
ERROR: 05/13/2021 04:14:33 A request to the Telegram API was unsuccessful. Error code: 400. Description: Bad Request: message is too long
ERROR: 05/13/2021 02:31:55 A request to the Telegram API was unsuccessful. Error code: 400. Description: Bad Request: message is too long
ERROR: 05/13/2021 02:33:54 A request to the Telegram API was unsuccessful. Error code: 400. Description: Bad Request: message is too long
ERROR: 05/13/2021 05:26:05 A request to the Telegram API was unsuccessful. Error code: 400. Description: Bad Request: chat not found
ERROR: 05/13/2021 05:28:12 A request to the Telegram API was unsuccessful. Error code: 400. Description: Bad Request: chat not found
ERROR: 05/13/2021 05:29:08 A request to the Telegram API was unsuccessful. Error code: 400. Description: Bad Request: chat not found
ERROR: 05/13/2021 05:35:38 A request to the Telegram API was unsuccessful. Error code: 400. Description: Bad Request: chat not found
ERROR: 05/13/2021 05:40:06 A request to the Telegram API was unsuccessful. Error code: 400. Description: Bad Request: chat not found
ERROR: 05/13/2021 05:40:40 A request to the Telegram API was unsuccessful. Error code: 400. Description: Bad Request: chat not found
ERROR: 05/13/2021 05:41:36 A request to the Telegram API was unsuccessful. Error code: 400. Description: Bad Request: file must be non-empty
ERROR: 05/13/2021 05:42:56 A request to the Telegram API was unsuccessful. Error code: 400. Description: Bad Request: file must be non-empty
ERROR: 05/13/2021 05:48:46 A request to the Telegram API was unsuccessful. Error code: 400. Description: Bad Request: file must be non-empty
ERROR: 05/13/2021 05:50:26 A request to the Telegram API was unsuccessful. Error code: 400. Description: Bad Request: wrong URL host
ERROR: 05/13/2021 05:51:56 A request to the Telegram API was unsuccessful. Error code: 400. Description: Bad Request: file must be non-empty
ERROR: 05/13/2021 05:57:50 A request to the Telegram API was unsuccessful. Error code: 400. Description: Bad Request: there is no document in the request
ERROR: 05/13/2021 05:58:50 A request to the Telegram API was unsuccessful. Error code: 400. Description: Bad Request: file must be non-empty
ERROR: 05/13/2021 06:56:07 A request to the Telegram API was unsuccessful. Error code: 400. Description: Bad Request: there is no photo in the request
ERROR: 05/13/2021 07:04:43 A request to the Telegram API was unsuccessful. Error code: 400. Description: Bad Request: wrong HTTP URL specified
ERROR: 05/13/2021 07:05:27 A request to the Telegram API was unsuccessful. Error code: 400. Description: Bad Request: wrong HTTP URL specified
ERROR: 05/13/2021 08:11:35 A request to the Telegram API was unsuccessful. Error code: 400. Description: Bad Request: wrong remote file identifier specified: Wrong padding in the string
ERROR: 05/13/2021 08:38:28 A request to the Telegram API was unsuccessful. Error code: 400. Description: Bad Request: message text is empty
ERROR: 05/14/2021 12:44:42 ApiException occurred, args=('A request to the Telegram API was unsuccessful. The server returned HTTP 400 Bad Request. Response body:\n[b\'{"ok":false,"error_code":400,"description":"Bad Request: chat not found"}\']',)
Traceback (most recent call last):
  File "C:\Users\hp\AppData\Local\Programs\Python\Python38\lib\site-packages\telebot\util.py", line 62, in run
    task(*args, **kwargs)
  File "bot.py", line 192, in callback
    messageUsers()
  File "bot.py", line 240, in messageUsers
    [bot.send_message(f"{data}", customText) for data in database if data not in blacklist]
  File "bot.py", line 240, in <listcomp>
    [bot.send_message(f"{data}", customText) for data in database if data not in blacklist]
  File "C:\Users\hp\AppData\Local\Programs\Python\Python38\lib\site-packages\telebot\__init__.py", line 624, in send_message
    apihelper.send_message(self.token, chat_id, text, disable_web_page_preview, reply_to_message_id,
  File "C:\Users\hp\AppData\Local\Programs\Python\Python38\lib\site-packages\telebot\apihelper.py", line 159, in send_message
    return _make_request(token, method_url, params=payload, method='post')
  File "C:\Users\hp\AppData\Local\Programs\Python\Python38\lib\site-packages\telebot\apihelper.py", line 65, in _make_request
    return _check_result(method_name, result)['result']
  File "C:\Users\hp\AppData\Local\Programs\Python\Python38\lib\site-packages\telebot\apihelper.py", line 84, in _check_result
    raise ApiException(msg, method_name, result)
telebot.apihelper.ApiException: A request to the Telegram API was unsuccessful. The server returned HTTP 400 Bad Request. Response body:
[b'{"ok":false,"error_code":400,"description":"Bad Request: chat not found"}']

ERROR: 05/14/2021 12:44:42 A request to the Telegram API was unsuccessful. The server returned HTTP 400 Bad Request. Response body:
[b'{"ok":false,"error_code":400,"description":"Bad Request: chat not found"}']
ERROR: 05/14/2021 12:45:47 ApiException occurred, args=('A request to the Telegram API was unsuccessful. The server returned HTTP 400 Bad Request. Response body:\n[b\'{"ok":false,"error_code":400,"description":"Bad Request: chat not found"}\']',)
Traceback (most recent call last):
  File "C:\Users\hp\AppData\Local\Programs\Python\Python38\lib\site-packages\telebot\util.py", line 62, in run
    task(*args, **kwargs)
  File "bot.py", line 195, in callback
    imageUsers()
  File "bot.py", line 214, in imageUsers
    [bot.send_photo(f"{data}", customImage) for data in database if data not in blacklist]
  File "bot.py", line 214, in <listcomp>
    [bot.send_photo(f"{data}", customImage) for data in database if data not in blacklist]
  File "C:\Users\hp\AppData\Local\Programs\Python\Python38\lib\site-packages\telebot\__init__.py", line 676, in send_photo
    apihelper.send_photo(self.token, chat_id, photo, caption, reply_to_message_id, reply_markup,
  File "C:\Users\hp\AppData\Local\Programs\Python\Python38\lib\site-packages\telebot\apihelper.py", line 295, in send_photo
    return _make_request(token, method_url, params=payload, files=files, method='post')
  File "C:\Users\hp\AppData\Local\Programs\Python\Python38\lib\site-packages\telebot\apihelper.py", line 65, in _make_request
    return _check_result(method_name, result)['result']
  File "C:\Users\hp\AppData\Local\Programs\Python\Python38\lib\site-packages\telebot\apihelper.py", line 84, in _check_result
    raise ApiException(msg, method_name, result)
telebot.apihelper.ApiException: A request to the Telegram API was unsuccessful. The server returned HTTP 400 Bad Request. Response body:
[b'{"ok":false,"error_code":400,"description":"Bad Request: chat not found"}']

ERROR: 05/14/2021 12:45:47 A request to the Telegram API was unsuccessful. The server returned HTTP 400 Bad Request. Response body:
[b'{"ok":false,"error_code":400,"description":"Bad Request: chat not found"}']
ERROR: 05/14/2021 12:47:37 ReadTimeout occurred, args=(ReadTimeoutError("HTTPSConnectionPool(host='api.telegram.org', port=443): Read timed out. (read timeout=30)"),)
Traceback (most recent call last):
  File "C:\Users\hp\AppData\Local\Programs\Python\Python38\lib\site-packages\urllib3\connectionpool.py", line 426, in _make_request
    six.raise_from(e, None)
  File "<string>", line 3, in raise_from
  File "C:\Users\hp\AppData\Local\Programs\Python\Python38\lib\site-packages\urllib3\connectionpool.py", line 421, in _make_request
    httplib_response = conn.getresponse()
  File "C:\Users\hp\AppData\Local\Programs\Python\Python38\lib\http\client.py", line 1322, in getresponse
    response.begin()
  File "C:\Users\hp\AppData\Local\Programs\Python\Python38\lib\http\client.py", line 303, in begin
    version, status, reason = self._read_status()
  File "C:\Users\hp\AppData\Local\Programs\Python\Python38\lib\http\client.py", line 264, in _read_status
    line = str(self.fp.readline(_MAXLINE + 1), "iso-8859-1")
  File "C:\Users\hp\AppData\Local\Programs\Python\Python38\lib\socket.py", line 669, in readinto
    return self._sock.recv_into(b)
  File "C:\Users\hp\AppData\Local\Programs\Python\Python38\lib\ssl.py", line 1241, in recv_into
    return self.read(nbytes, buffer)
  File "C:\Users\hp\AppData\Local\Programs\Python\Python38\lib\ssl.py", line 1099, in read
    return self._sslobj.read(len, buffer)
socket.timeout: The read operation timed out

During handling of the above exception, another exception occurred:

Traceback (most recent call last):
  File "C:\Users\hp\AppData\Local\Programs\Python\Python38\lib\site-packages\requests\adapters.py", line 439, in send
    resp = conn.urlopen(
  File "C:\Users\hp\AppData\Local\Programs\Python\Python38\lib\site-packages\urllib3\connectionpool.py", line 724, in urlopen
    retries = retries.increment(
  File "C:\Users\hp\AppData\Local\Programs\Python\Python38\lib\site-packages\urllib3\util\retry.py", line 403, in increment
    raise six.reraise(type(error), error, _stacktrace)
  File "C:\Users\hp\AppData\Local\Programs\Python\Python38\lib\site-packages\urllib3\packages\six.py", line 735, in reraise
    raise value
  File "C:\Users\hp\AppData\Local\Programs\Python\Python38\lib\site-packages\urllib3\connectionpool.py", line 670, in urlopen
    httplib_response = self._make_request(
  File "C:\Users\hp\AppData\Local\Programs\Python\Python38\lib\site-packages\urllib3\connectionpool.py", line 428, in _make_request
    self._raise_timeout(err=e, url=url, timeout_value=read_timeout)
  File "C:\Users\hp\AppData\Local\Programs\Python\Python38\lib\site-packages\urllib3\connectionpool.py", line 335, in _raise_timeout
    raise ReadTimeoutError(
urllib3.exceptions.ReadTimeoutError: HTTPSConnectionPool(host='api.telegram.org', port=443): Read timed out. (read timeout=30)

During handling of the above exception, another exception occurred:

Traceback (most recent call last):
  File "C:\Users\hp\AppData\Local\Programs\Python\Python38\lib\site-packages\telebot\util.py", line 62, in run
    task(*args, **kwargs)
  File "C:\Users\hp\AppData\Local\Programs\Python\Python38\lib\site-packages\telebot\__init__.py", line 281, in __retrieve_updates
    updates = self.get_updates(offset=(self.last_update_id + 1), timeout=timeout)
  File "C:\Users\hp\AppData\Local\Programs\Python\Python38\lib\site-packages\telebot\__init__.py", line 251, in get_updates
    json_updates = apihelper.get_updates(self.token, offset, limit, timeout, allowed_updates)
  File "C:\Users\hp\AppData\Local\Programs\Python\Python38\lib\site-packages\telebot\apihelper.py", line 199, in get_updates
    return _make_request(token, method_url, params=payload)
  File "C:\Users\hp\AppData\Local\Programs\Python\Python38\lib\site-packages\telebot\apihelper.py", line 62, in _make_request
    result = _get_req_session().request(method, request_url, params=params, files=files,
  File "C:\Users\hp\AppData\Local\Programs\Python\Python38\lib\site-packages\requests\sessions.py", line 530, in request
    resp = self.send(prep, **send_kwargs)
  File "C:\Users\hp\AppData\Local\Programs\Python\Python38\lib\site-packages\requests\sessions.py", line 643, in send
    r = adapter.send(request, **kwargs)
  File "C:\Users\hp\AppData\Local\Programs\Python\Python38\lib\site-packages\requests\adapters.py", line 529, in send
    raise ReadTimeout(e, request=request)
requests.exceptions.ReadTimeout: HTTPSConnectionPool(host='api.telegram.org', port=443): Read timed out. (read timeout=30)

